<?xml version="1.0" encoding="UTF-8"?>
<!-- Generated by org.testng.reporters.JUnitReportReporter -->
<testsuite hostname="mesa-PC" failures="0" tests="2" name="StudentRecordServiceTest" time="0.020" errors="0" timestamp="2022-10-06T00:13:40 OMST" skipped="0">
  <testcase classname="StudentRecordServiceTest" name="splitByStudentsTest" time="0.019"/>
  <system-out/>
  <testcase classname="StudentRecordServiceTest" name="stringToStudentTest" time="0.001"/>
  <system-out/>
</testsuite> <!-- StudentRecordServiceTest -->
