<?xml version="1.0" encoding="UTF-8"?>
<!-- Generated by org.testng.reporters.JUnitReportReporter -->
<testsuite hostname="mesa-PC" failures="0" tests="1" name="StudentServiceTest" time="0.018" errors="0" timestamp="2022-10-03T04:24:37 OMST" skipped="0">
  <testcase classname="StudentServiceTest" name="splitByStudentsTest" time="0.018"/>
  <system-out/>
</testsuite> <!-- StudentServiceTest -->
